<?xml version="1.0" encoding="UTF-8"?>
<testng-results ignored="0" total="11" passed="11" failed="0" skipped="0">
  <reporter-output>
  </reporter-output>
  <suite started-at="2024-09-05T08:41:56 IST" name="Surefire suite" finished-at="2024-09-05T08:41:59 IST" duration-ms="2962">
    <groups>
      <group name="cucumber">
        <method signature="AbstractTestNGCucumberTests.runScenario(io.cucumber.testng.PickleWrapper,io.cucumber.testng.FeatureWrapper)[pri:0, instance:testrunnerAPI.TestRunner@3e7634b9]" name="runScenario" class="io.cucumber.testng.AbstractTestNGCucumberTests"/>
      </group> <!-- cucumber -->
    </groups>
    <test started-at="2024-09-05T08:41:56 IST" name="Surefire test" finished-at="2024-09-05T08:41:59 IST" duration-ms="2962">
      <class name="testrunnerAPI.TestRunner">
        <test-method is-config="true" signature="setUpClass(org.testng.ITestContext)[pri:0, instance:testrunnerAPI.TestRunner@3e7634b9]" started-at="2024-09-05T08:41:56 IST" name="setUpClass" finished-at="2024-09-05T08:41:56 IST" duration-ms="470" status="PASS">
          <params>
            <param index="0">
              <value>
                <![CDATA[org.testng.TestRunner@1008df1e]]>
              </value>
            </param>
          </params>
          <reporter-output>
          </reporter-output>
        </test-method> <!-- setUpClass -->
        <test-method signature="runScenario(io.cucumber.testng.PickleWrapper,io.cucumber.testng.FeatureWrapper)[pri:0, instance:testrunnerAPI.TestRunner@3e7634b9]" started-at="2024-09-05T08:41:56 IST" name="runScenario" description="Runs Cucumber Scenarios" data-provider="scenarios" finished-at="2024-09-05T08:41:58 IST" duration-ms="1757" status="PASS">
          <params>
            <param index="0">
              <value>
                <![CDATA["Get all movies"]]>
              </value>
            </param>
            <param index="1">
              <value>
                <![CDATA["Movie Rental Management"]]>
              </value>
            </param>
          </params>
          <reporter-output>
          </reporter-output>
        </test-method> <!-- runScenario -->
        <test-method signature="runScenario(io.cucumber.testng.PickleWrapper,io.cucumber.testng.FeatureWrapper)[pri:0, instance:testrunnerAPI.TestRunner@3e7634b9]" started-at="2024-09-05T08:41:58 IST" name="runScenario" description="Runs Cucumber Scenarios" data-provider="scenarios" finished-at="2024-09-05T08:41:58 IST" duration-ms="77" status="PASS">
          <params>
            <param index="0">
              <value>
                <![CDATA["Register a new user"]]>
              </value>
            </param>
            <param index="1">
              <value>
                <![CDATA["Movie Rental Management"]]>
              </value>
            </param>
          </params>
          <reporter-output>
          </reporter-output>
        </test-method> <!-- runScenario -->
        <test-method signature="runScenario(io.cucumber.testng.PickleWrapper,io.cucumber.testng.FeatureWrapper)[pri:0, instance:testrunnerAPI.TestRunner@3e7634b9]" started-at="2024-09-05T08:41:58 IST" name="runScenario" description="Runs Cucumber Scenarios" data-provider="scenarios" finished-at="2024-09-05T08:41:58 IST" duration-ms="45" status="PASS">
          <params>
            <param index="0">
              <value>
                <![CDATA["User login"]]>
              </value>
            </param>
            <param index="1">
              <value>
                <![CDATA["Movie Rental Management"]]>
              </value>
            </param>
          </params>
          <reporter-output>
          </reporter-output>
        </test-method> <!-- runScenario -->
        <test-method signature="runScenario(io.cucumber.testng.PickleWrapper,io.cucumber.testng.FeatureWrapper)[pri:0, instance:testrunnerAPI.TestRunner@3e7634b9]" started-at="2024-09-05T08:41:58 IST" name="runScenario" description="Runs Cucumber Scenarios" data-provider="scenarios" finished-at="2024-09-05T08:41:58 IST" duration-ms="56" status="PASS">
          <params>
            <param index="0">
              <value>
                <![CDATA["Add a new movie"]]>
              </value>
            </param>
            <param index="1">
              <value>
                <![CDATA["Movie Rental Management"]]>
              </value>
            </param>
          </params>
          <reporter-output>
          </reporter-output>
        </test-method> <!-- runScenario -->
        <test-method signature="runScenario(io.cucumber.testng.PickleWrapper,io.cucumber.testng.FeatureWrapper)[pri:0, instance:testrunnerAPI.TestRunner@3e7634b9]" started-at="2024-09-05T08:41:58 IST" name="runScenario" description="Runs Cucumber Scenarios" data-provider="scenarios" finished-at="2024-09-05T08:41:58 IST" duration-ms="73" status="PASS">
          <params>
            <param index="0">
              <value>
                <![CDATA["Search movies by title"]]>
              </value>
            </param>
            <param index="1">
              <value>
                <![CDATA["Movie Rental Management"]]>
              </value>
            </param>
          </params>
          <reporter-output>
          </reporter-output>
        </test-method> <!-- runScenario -->
        <test-method signature="runScenario(io.cucumber.testng.PickleWrapper,io.cucumber.testng.FeatureWrapper)[pri:0, instance:testrunnerAPI.TestRunner@3e7634b9]" started-at="2024-09-05T08:41:58 IST" name="runScenario" description="Runs Cucumber Scenarios" data-provider="scenarios" finished-at="2024-09-05T08:41:58 IST" duration-ms="62" status="PASS">
          <params>
            <param index="0">
              <value>
                <![CDATA["Filter movies by genre"]]>
              </value>
            </param>
            <param index="1">
              <value>
                <![CDATA["Movie Rental Management"]]>
              </value>
            </param>
          </params>
          <reporter-output>
          </reporter-output>
        </test-method> <!-- runScenario -->
        <test-method signature="runScenario(io.cucumber.testng.PickleWrapper,io.cucumber.testng.FeatureWrapper)[pri:0, instance:testrunnerAPI.TestRunner@3e7634b9]" started-at="2024-09-05T08:41:58 IST" name="runScenario" description="Runs Cucumber Scenarios" data-provider="scenarios" finished-at="2024-09-05T08:41:58 IST" duration-ms="63" status="PASS">
          <params>
            <param index="0">
              <value>
                <![CDATA["Rent a movie"]]>
              </value>
            </param>
            <param index="1">
              <value>
                <![CDATA["Movie Rental Management"]]>
              </value>
            </param>
          </params>
          <reporter-output>
          </reporter-output>
        </test-method> <!-- runScenario -->
        <test-method signature="runScenario(io.cucumber.testng.PickleWrapper,io.cucumber.testng.FeatureWrapper)[pri:0, instance:testrunnerAPI.TestRunner@3e7634b9]" started-at="2024-09-05T08:41:58 IST" name="runScenario" description="Runs Cucumber Scenarios" data-provider="scenarios" finished-at="2024-09-05T08:41:58 IST" duration-ms="76" status="PASS">
          <params>
            <param index="0">
              <value>
                <![CDATA["Get user profile"]]>
              </value>
            </param>
            <param index="1">
              <value>
                <![CDATA["Movie Rental Management"]]>
              </value>
            </param>
          </params>
          <reporter-output>
          </reporter-output>
        </test-method> <!-- runScenario -->
        <test-method signature="runScenario(io.cucumber.testng.PickleWrapper,io.cucumber.testng.FeatureWrapper)[pri:0, instance:testrunnerAPI.TestRunner@3e7634b9]" started-at="2024-09-05T08:41:58 IST" name="runScenario" description="Runs Cucumber Scenarios" data-provider="scenarios" finished-at="2024-09-05T08:41:58 IST" duration-ms="28" status="PASS">
          <params>
            <param index="0">
              <value>
                <![CDATA["Delete a user"]]>
              </value>
            </param>
            <param index="1">
              <value>
                <![CDATA["Movie Rental Management"]]>
              </value>
            </param>
          </params>
          <reporter-output>
          </reporter-output>
        </test-method> <!-- runScenario -->
        <test-method signature="runScenario(io.cucumber.testng.PickleWrapper,io.cucumber.testng.FeatureWrapper)[pri:0, instance:testrunnerAPI.TestRunner@3e7634b9]" started-at="2024-09-05T08:41:58 IST" name="runScenario" description="Runs Cucumber Scenarios" data-provider="scenarios" finished-at="2024-09-05T08:41:59 IST" duration-ms="48" status="PASS">
          <params>
            <param index="0">
              <value>
                <![CDATA["Update user details"]]>
              </value>
            </param>
            <param index="1">
              <value>
                <![CDATA["Movie Rental Management"]]>
              </value>
            </param>
          </params>
          <reporter-output>
          </reporter-output>
        </test-method> <!-- runScenario -->
        <test-method signature="runScenario(io.cucumber.testng.PickleWrapper,io.cucumber.testng.FeatureWrapper)[pri:0, instance:testrunnerAPI.TestRunner@3e7634b9]" started-at="2024-09-05T08:41:59 IST" name="runScenario" description="Runs Cucumber Scenarios" data-provider="scenarios" finished-at="2024-09-05T08:41:59 IST" duration-ms="47" status="PASS">
          <params>
            <param index="0">
              <value>
                <![CDATA["Get rental details"]]>
              </value>
            </param>
            <param index="1">
              <value>
                <![CDATA["Movie Rental Management"]]>
              </value>
            </param>
          </params>
          <reporter-output>
          </reporter-output>
        </test-method> <!-- runScenario -->
        <test-method is-config="true" signature="tearDownClass()[pri:0, instance:testrunnerAPI.TestRunner@3e7634b9]" started-at="2024-09-05T08:41:59 IST" name="tearDownClass" finished-at="2024-09-05T08:41:59 IST" duration-ms="15" status="PASS">
          <reporter-output>
          </reporter-output>
        </test-method> <!-- tearDownClass -->
      </class> <!-- testrunnerAPI.TestRunner -->
    </test> <!-- Surefire test -->
  </suite> <!-- Surefire suite -->
</testng-results>
