<?xml version="1.0" encoding="UTF-8"?>
<testsuite xmlns:xsi="http://www.w3.org/2001/XMLSchema-instance" xsi:noNamespaceSchemaLocation="https://maven.apache.org/surefire/maven-surefire-plugin/xsd/surefire-test-report.xsd" version="3.0.2" name="testrunnerAPI.TestRunner" time="3.853" tests="11" errors="0" skipped="0" failures="0">
  <properties>
[...]
</properties>
  <testcase name="runScenario[&quot;Get all movies&quot;, &quot;Movie Rental Management&quot;](1)" classname="testrunnerAPI.TestRunner" time="1.823">
    <system-out><![CDATA[
Scenario: Get all movies                                                                                        &amp#27;[90m# restAPI/restapi.feature:3&amp#27;[0m
  &amp#27;[32mGiven &amp#27;[0m&amp#27;[32mthe API is available&amp#27;[0m                                                                                    &amp#27;[90m# stepsAPI.StepDefinitions.the_api_is_available()&amp#27;[0m
  &amp#27;[32mWhen &amp#27;[0m&amp#27;[32mI request all movies&amp#27;[0m                                                                                     &amp#27;[90m# stepsAPI.StepDefinitions.i_request_all_movies()&amp#27;[0m
  &amp#27;[32mThen &amp#27;[0m&amp#27;[32mthe response status should be &amp#27;[0m&amp#27;[32m&amp#27;[1m200&amp#27;[0m                                                                        &amp#27;[90m# stepsAPI.StepDefinitions.the_response_status_should_be(java.lang.Integer)&amp#27;[0m
  &amp#27;[32mAnd &amp#27;[0m&amp#27;[32mthe response should contain movies with titles &amp#27;[0m&amp#27;[32m&amp#27;[1m"Inception"&amp#27;[0m&amp#27;[32m, &amp#27;[0m&amp#27;[32m&amp#27;[1m"The Shawshank Redemption"&amp#27;[0m&amp#27;[32m, &amp#27;[0m&amp#27;[32m&amp#27;[1m"The Dark Knight"&amp#27;[0m &amp#27;[90m# stepsAPI.StepDefinitions.the_response_should_contain_movies_with_titles(java.lang.String,java.lang.String,java.lang.String)&amp#27;[0m
]]></system-out>
  </testcase>
  <testcase name="runScenario[&quot;Register a new user&quot;, &quot;Movie Rental Management&quot;](2)" classname="testrunnerAPI.TestRunner" time="0.08">
    <system-out><![CDATA[
Scenario: Register a new user                                                                                        &amp#27;[90m# restAPI/restapi.feature:9&amp#27;[0m
  &amp#27;[32mGiven &amp#27;[0m&amp#27;[32mthe API is available&amp#27;[0m                                                                                         &amp#27;[90m# stepsAPI.StepDefinitions.the_api_is_available()&amp#27;[0m
  &amp#27;[32mWhen &amp#27;[0m&amp#27;[32mI register a new user with username &amp#27;[0m&amp#27;[32m&amp#27;[1m"rohan_sarkar"&amp#27;[0m&amp#27;[32m, email &amp#27;[0m&amp#27;[32m&amp#27;[1m"rohansarkar@example.com"&amp#27;[0m&amp#27;[32m, and password &amp#27;[0m&amp#27;[32m&amp#27;[1m"rohan@123"&amp#27;[0m &amp#27;[90m# stepsAPI.StepDefinitions.i_register_a_new_user_with_username_email_and_password(java.lang.String,java.lang.String,java.lang.String)&amp#27;[0m
  &amp#27;[32mThen &amp#27;[0m&amp#27;[32mthe response status should be &amp#27;[0m&amp#27;[32m&amp#27;[1m201&amp#27;[0m                                                                             &amp#27;[90m# stepsAPI.StepDefinitions.the_response_status_should_be(java.lang.Integer)&amp#27;[0m
  &amp#27;[32mAnd &amp#27;[0m&amp#27;[32mthe response should contain a success message and userId&amp#27;[0m                                                       &amp#27;[90m# stepsAPI.StepDefinitions.the_response_should_contain_a_success_message_and_userId()&amp#27;[0m
]]></system-out>
  </testcase>
  <testcase name="runScenario[&quot;User login&quot;, &quot;Movie Rental Management&quot;](3)" classname="testrunnerAPI.TestRunner" time="0.048">
    <system-out><![CDATA[
Scenario: User login                                                  &amp#27;[90m# restAPI/restapi.feature:15&amp#27;[0m
  &amp#27;[32mGiven &amp#27;[0m&amp#27;[32mthe API is available&amp#27;[0m                                          &amp#27;[90m# stepsAPI.StepDefinitions.the_api_is_available()&amp#27;[0m
  &amp#27;[32mWhen &amp#27;[0m&amp#27;[32mI log in with username &amp#27;[0m&amp#27;[32m&amp#27;[1m"rohan_sarkar"&amp#27;[0m&amp#27;[32m and password &amp#27;[0m&amp#27;[32m&amp#27;[1m"rohan@123"&amp#27;[0m &amp#27;[90m# stepsAPI.StepDefinitions.i_log_in_with_username_and_password(java.lang.String,java.lang.String)&amp#27;[0m
  &amp#27;[32mThen &amp#27;[0m&amp#27;[32mthe response status should be &amp#27;[0m&amp#27;[32m&amp#27;[1m200&amp#27;[0m                              &amp#27;[90m# stepsAPI.StepDefinitions.the_response_status_should_be(java.lang.Integer)&amp#27;[0m
  &amp#27;[32mAnd &amp#27;[0m&amp#27;[32mthe response should contain a success message and token&amp#27;[0m         &amp#27;[90m# stepsAPI.StepDefinitions.the_response_should_contain_a_success_message_and_token()&amp#27;[0m
]]></system-out>
  </testcase>
  <testcase name="runScenario[&quot;Add a new movie&quot;, &quot;Movie Rental Management&quot;](4)" classname="testrunnerAPI.TestRunner" time="0.056">
    <system-out><![CDATA[
Scenario: Add a new movie                                                                                                       &amp#27;[90m# restAPI/restapi.feature:21&amp#27;[0m
  &amp#27;[32mGiven &amp#27;[0m&amp#27;[32mthe API is available&amp#27;[0m                                                                                                    &amp#27;[90m# stepsAPI.StepDefinitions.the_api_is_available()&amp#27;[0m
  &amp#27;[32mWhen &amp#27;[0m&amp#27;[32mI add a new movie with title &amp#27;[0m&amp#27;[32m&amp#27;[1m"Interstellar"&amp#27;[0m&amp#27;[32m, director &amp#27;[0m&amp#27;[32m&amp#27;[1m"Christopher Nolan"&amp#27;[0m&amp#27;[32m, genre &amp#27;[0m&amp#27;[32m&amp#27;[1m"Sci-Fi"&amp#27;[0m&amp#27;[32m, and release date &amp#27;[0m&amp#27;[32m&amp#27;[1m"2014-11-07"&amp#27;[0m &amp#27;[90m# stepsAPI.StepDefinitions.i_add_a_new_movie_with_title_director_genre_and_release_date(java.lang.String,java.lang.String,java.lang.String,java.lang.String)&amp#27;[0m
  &amp#27;[32mThen &amp#27;[0m&amp#27;[32mthe response status should be &amp#27;[0m&amp#27;[32m&amp#27;[1m201&amp#27;[0m                                                                                        &amp#27;[90m# stepsAPI.StepDefinitions.the_response_status_should_be(java.lang.Integer)&amp#27;[0m
  &amp#27;[32mAnd &amp#27;[0m&amp#27;[32mthe response should contain a success message and movieId&amp#27;[0m                                                                 &amp#27;[90m# stepsAPI.StepDefinitions.the_response_should_contain_a_success_message_and_movieId()&amp#27;[0m
]]></system-out>
  </testcase>
  <testcase name="runScenario[&quot;Search movies by title&quot;, &quot;Movie Rental Management&quot;](5)" classname="testrunnerAPI.TestRunner" time="0.074">
    <system-out><![CDATA[
Scenario: Search movies by title                                &amp#27;[90m# restAPI/restapi.feature:27&amp#27;[0m
  &amp#27;[32mGiven &amp#27;[0m&amp#27;[32mthe API is available&amp#27;[0m                                    &amp#27;[90m# stepsAPI.StepDefinitions.the_api_is_available()&amp#27;[0m
  &amp#27;[32mWhen &amp#27;[0m&amp#27;[32mI search for movies with title &amp#27;[0m&amp#27;[32m&amp#27;[1m"Inception"&amp#27;[0m               &amp#27;[90m# stepsAPI.StepDefinitions.i_search_for_movies_with_title(java.lang.String)&amp#27;[0m
  &amp#27;[32mThen &amp#27;[0m&amp#27;[32mthe response status should be &amp#27;[0m&amp#27;[32m&amp#27;[1m200&amp#27;[0m                        &amp#27;[90m# stepsAPI.StepDefinitions.the_response_status_should_be(java.lang.Integer)&amp#27;[0m
  &amp#27;[32mAnd &amp#27;[0m&amp#27;[32mthe response should contain movies with title &amp#27;[0m&amp#27;[32m&amp#27;[1m"Inception"&amp#27;[0m &amp#27;[90m# stepsAPI.StepDefinitions.the_response_should_contain_movies_with_title(java.lang.String)&amp#27;[0m
]]></system-out>
  </testcase>
  <testcase name="runScenario[&quot;Filter movies by genre&quot;, &quot;Movie Rental Management&quot;](6)" classname="testrunnerAPI.TestRunner" time="0.066">
    <system-out><![CDATA[
Scenario: Filter movies by genre                             &amp#27;[90m# restAPI/restapi.feature:33&amp#27;[0m
  &amp#27;[32mGiven &amp#27;[0m&amp#27;[32mthe API is available&amp#27;[0m                                 &amp#27;[90m# stepsAPI.StepDefinitions.the_api_is_available()&amp#27;[0m
  &amp#27;[32mWhen &amp#27;[0m&amp#27;[32mI filter movies by genre &amp#27;[0m&amp#27;[32m&amp#27;[1m"Sci-Fi"&amp#27;[0m                     &amp#27;[90m# stepsAPI.StepDefinitions.i_filter_movies_by_genre(java.lang.String)&amp#27;[0m
  &amp#27;[32mThen &amp#27;[0m&amp#27;[32mthe response status should be &amp#27;[0m&amp#27;[32m&amp#27;[1m200&amp#27;[0m                     &amp#27;[90m# stepsAPI.StepDefinitions.the_response_status_should_be(java.lang.Integer)&amp#27;[0m
  &amp#27;[32mAnd &amp#27;[0m&amp#27;[32mthe response should contain movies with genre &amp#27;[0m&amp#27;[32m&amp#27;[1m"Sci-Fi"&amp#27;[0m &amp#27;[90m# stepsAPI.StepDefinitions.the_response_should_contain_movies_with_genre(java.lang.String)&amp#27;[0m
]]></system-out>
  </testcase>
  <testcase name="runScenario[&quot;Rent a movie&quot;, &quot;Movie Rental Management&quot;](7)" classname="testrunnerAPI.TestRunner" time="0.064">
    <system-out><![CDATA[
Scenario: Rent a movie                                           &amp#27;[90m# restAPI/restapi.feature:39&amp#27;[0m
  &amp#27;[32mGiven &amp#27;[0m&amp#27;[32mthe API is available&amp#27;[0m                                     &amp#27;[90m# stepsAPI.StepDefinitions.the_api_is_available()&amp#27;[0m
  &amp#27;[32mWhen &amp#27;[0m&amp#27;[32mI rent a movie with userId &amp#27;[0m&amp#27;[32m&amp#27;[1m"1"&amp#27;[0m&amp#27;[32m and movieId &amp#27;[0m&amp#27;[32m&amp#27;[1m"2"&amp#27;[0m            &amp#27;[90m# stepsAPI.StepDefinitions.i_rent_a_movie_with_userId_and_movieId(java.lang.String,java.lang.String)&amp#27;[0m
  &amp#27;[32mThen &amp#27;[0m&amp#27;[32mthe response status should be &amp#27;[0m&amp#27;[32m&amp#27;[1m201&amp#27;[0m                         &amp#27;[90m# stepsAPI.StepDefinitions.the_response_status_should_be(java.lang.Integer)&amp#27;[0m
  &amp#27;[32mAnd &amp#27;[0m&amp#27;[32mthe response should contain a success message and rentalId&amp#27;[0m &amp#27;[90m# stepsAPI.StepDefinitions.the_response_should_contain_a_success_message_and_rentalId()&amp#27;[0m
]]></system-out>
  </testcase>
  <testcase name="runScenario[&quot;Get user profile&quot;, &quot;Movie Rental Management&quot;](8)" classname="testrunnerAPI.TestRunner" time="0.08">
    <system-out><![CDATA[
Scenario: Get user profile                                                                      &amp#27;[90m# restAPI/restapi.feature:45&amp#27;[0m
  &amp#27;[32mGiven &amp#27;[0m&amp#27;[32mthe API is available&amp#27;[0m                                                                    &amp#27;[90m# stepsAPI.StepDefinitions.the_api_is_available()&amp#27;[0m
  &amp#27;[32mWhen &amp#27;[0m&amp#27;[32mI request user profiles&amp#27;[0m                                                                  &amp#27;[90m# stepsAPI.StepDefinitions.i_request_user_profiles()&amp#27;[0m
  &amp#27;[32mThen &amp#27;[0m&amp#27;[32mthe response status should be &amp#27;[0m&amp#27;[32m&amp#27;[1m200&amp#27;[0m                                                        &amp#27;[90m# stepsAPI.StepDefinitions.the_response_status_should_be(java.lang.Integer)&amp#27;[0m
  &amp#27;[32mAnd &amp#27;[0m&amp#27;[32mthe response should contain users with usernames &amp#27;[0m&amp#27;[32m&amp#27;[1m"john_doe"&amp#27;[0m&amp#27;[32m, &amp#27;[0m&amp#27;[32m&amp#27;[1m"jane_smith"&amp#27;[0m&amp#27;[32m, &amp#27;[0m&amp#27;[32m&amp#27;[1m"rohan_sarkar"&amp#27;[0m &amp#27;[90m# stepsAPI.StepDefinitions.the_response_should_contain_users_with_usernames(java.lang.String,java.lang.String,java.lang.String)&amp#27;[0m
]]></system-out>
  </testcase>
  <testcase name="runScenario[&quot;Delete a user&quot;, &quot;Movie Rental Management&quot;](9)" classname="testrunnerAPI.TestRunner" time="0.029">
    <system-out><![CDATA[
Scenario: Delete a user                             &amp#27;[90m# restAPI/restapi.feature:51&amp#27;[0m
  &amp#27;[32mGiven &amp#27;[0m&amp#27;[32mthe API is available&amp#27;[0m                        &amp#27;[90m# stepsAPI.StepDefinitions.the_api_is_available()&amp#27;[0m
  &amp#27;[32mWhen &amp#27;[0m&amp#27;[32mI delete user with ID &amp#27;[0m&amp#27;[32m&amp#27;[1m"3"&amp#27;[0m                    &amp#27;[90m# stepsAPI.StepDefinitions.i_delete_user_with_ID(java.lang.String)&amp#27;[0m
  &amp#27;[32mThen &amp#27;[0m&amp#27;[32mthe response status should be &amp#27;[0m&amp#27;[32m&amp#27;[1m200&amp#27;[0m            &amp#27;[90m# stepsAPI.StepDefinitions.the_response_status_should_be(java.lang.Integer)&amp#27;[0m
  &amp#27;[32mAnd &amp#27;[0m&amp#27;[32mthe response should contain a success message&amp#27;[0m &amp#27;[90m# stepsAPI.StepDefinitions.the_response_should_contain_a_success_message()&amp#27;[0m
]]></system-out>
  </testcase>
  <testcase name="runScenario[&quot;Update user details&quot;, &quot;Movie Rental Management&quot;](10)" classname="testrunnerAPI.TestRunner" time="0.05">
    <system-out><![CDATA[
Scenario: Update user details                                                                  &amp#27;[90m# restAPI/restapi.feature:57&amp#27;[0m
  &amp#27;[32mGiven &amp#27;[0m&amp#27;[32mthe API is available&amp#27;[0m                                                                   &amp#27;[90m# stepsAPI.StepDefinitions.the_api_is_available()&amp#27;[0m
  &amp#27;[32mWhen &amp#27;[0m&amp#27;[32mI update user with ID &amp#27;[0m&amp#27;[32m&amp#27;[1m"1"&amp#27;[0m&amp#27;[32m to have username &amp#27;[0m&amp#27;[32m&amp#27;[1m"not_rohan"&amp#27;[0m&amp#27;[32m and email &amp#27;[0m&amp#27;[32m&amp#27;[1m"notrohan@example.com"&amp#27;[0m &amp#27;[90m# stepsAPI.StepDefinitions.i_update_user_with_ID_to_have_username_and_email(java.lang.String,java.lang.String,java.lang.String)&amp#27;[0m
  &amp#27;[32mThen &amp#27;[0m&amp#27;[32mthe response status should be &amp#27;[0m&amp#27;[32m&amp#27;[1m200&amp#27;[0m                                                       &amp#27;[90m# stepsAPI.StepDefinitions.the_response_status_should_be(java.lang.Integer)&amp#27;[0m
  &amp#27;[32mAnd &amp#27;[0m&amp#27;[32mthe response should contain a success message and updated user details&amp#27;[0m                   &amp#27;[90m# stepsAPI.StepDefinitions.the_response_should_contain_a_success_message_and_updated_user_details()&amp#27;[0m
]]></system-out>
  </testcase>
  <testcase name="runScenario[&quot;Get rental details&quot;, &quot;Movie Rental Management&quot;](11)" classname="testrunnerAPI.TestRunner" time="0.047">
    <system-out><![CDATA[
Scenario: Get rental details                                                           &amp#27;[90m# restAPI/restapi.feature:63&amp#27;[0m
  &amp#27;[32mGiven &amp#27;[0m&amp#27;[32mthe API is available&amp#27;[0m                                                           &amp#27;[90m# stepsAPI.StepDefinitions.the_api_is_available()&amp#27;[0m
  &amp#27;[32mWhen &amp#27;[0m&amp#27;[32mI request rental details for rental ID &amp#27;[0m&amp#27;[32m&amp#27;[1m"1"&amp#27;[0m                                      &amp#27;[90m# stepsAPI.StepDefinitions.i_request_rental_details_for_rental_ID(java.lang.String)&amp#27;[0m
  &amp#27;[32mThen &amp#27;[0m&amp#27;[32mthe response status should be &amp#27;[0m&amp#27;[32m&amp#27;[1m200&amp#27;[0m                                               &amp#27;[90m# stepsAPI.StepDefinitions.the_response_status_should_be(java.lang.Integer)&amp#27;[0m
  &amp#27;[32mAnd &amp#27;[0m&amp#27;[32mthe response should contain userId &amp#27;[0m&amp#27;[32m&amp#27;[1m"1"&amp#27;[0m&amp#27;[32m, movieId &amp#27;[0m&amp#27;[32m&amp#27;[1m"2"&amp#27;[0m&amp#27;[32m, and rentalDate &amp#27;[0m&amp#27;[32m&amp#27;[1m"2023-09-01"&amp#27;[0m &amp#27;[90m# stepsAPI.StepDefinitions.the_response_should_contain_userId_movieId_and_rentalDate(java.lang.String,java.lang.String,java.lang.String)&amp#27;[0m
]]></system-out>
  </testcase>
</testsuite>